#
# A fatal error has been detected by the Java Runtime Environment:
#
#  EXCEPTION_STACK_OVERFLOW (0xc00000fd) at pc=0x000000006330d257, pid=54880, tid=63264
#
# JRE version: Java(TM) SE Runtime Environment (7.0_60-b15) (build 1.7.0_60-ea-b15)
# Java VM: Java HotSpot(TM) 64-Bit Server VM (24.60-b09 mixed mode windows-amd64 compressed oops)
# Problematic frame:
# V  [jvm.dll+0x1cd257]
#
# Failed to write core dump. Minidumps are not enabled by default on client versions of Windows
#
# If you would like to submit a bug report, please visit:
#   http://bugreport.sun.com/bugreport/crash.jsp
#

---------------  T H R E A D  ---------------

Current thread (0x000000000cc06800):  JavaThread "Thread-15" [_thread_in_vm, id=63264, stack(0x000000000e1b0000,0x000000000e2b0000)]

siginfo: ExceptionCode=0xc00000fd, ExceptionInformation=0x0000000000000001 0x000000000e2ac3d0 

Registers:
RAX=0x000000000e2ac3d0, RBX=0x0000000000000004, RCX=0x0000000000003000, RDX=0x000000000e1b9160
RSP=0x000000000e2af3d0, RBP=0x0000000000000000, RSI=0x000000000e2af3d0, RDI=0x0000000000000004
R8 =0x0000000000000009, R9 =0x000000000cc06800, R10=0x000000000e2af610, R11=0x000000000e2af6f0
R12=0x000000000e2af6f0, R13=0x000000000e2af518, R14=0x000000000e2af620, R15=0x00000000023b0840
RIP=0x000000006330d257, EFLAGS=0x0000000000010202

Top of Stack: (sp=0x000000000e2af3d0)
0x000000000e2af3d0:   000000000cbe1ac0 0000000000000000
0x000000000e2af3e0:   0000000000000000 00000000631df123
0x000000000e2af3f0:   0000000000000000 000000006330dd9a
0x000000000e2af400:   000000000e2af600 000000000cbe1ac0
0x000000000e2af410:   000000000cc06800 000000000cc06800
0x000000000e2af420:   0000000000000000 0000000000000000
0x000000000e2af430:   0000000000000000 00000000631e22cd
0x000000000e2af440:   000000000cc06800 0000000000000000
0x000000000e2af450:   0000000000000000 0000000000000000
0x000000000e2af460:   000000000cbe1ac0 0000000000000005
0x000000000e2af470:   000000000cc06800 0000000000000000
0x000000000e2af480:   0000000000000000 0000000000000000
0x000000000e2af490:   0000000000000000 00000000022f12b0
0x000000000e2af4a0:   000000000cc06800 000000000e2af620
0x000000000e2af4b0:   00000000022f2be0 000000000e2af6f0
0x000000000e2af4c0:   0000000000000000 00000000022f2be0 

Instructions: (pc=0x000000006330d257)
0x000000006330d237:   48 89 6c 24 30 33 ed 66 90 e8 8b b4 07 00 ff c3
0x000000006330d247:   48 63 c8 48 8b c6 48 0f af cf 48 ff c7 48 2b c1
0x000000006330d257:   89 28 48 63 c3 48 3b 05 cd c4 52 00 7e db 48 8b
0x000000006330d267:   6c 24 30 48 8b 5c 24 38 48 8b 74 24 40 48 83 c4 


Register to memory mapping:

RAX=0x000000000e2ac3d0 is pointing into the stack for thread: 0x000000000cc06800
RBX=0x0000000000000004 is an unknown value
RCX=0x0000000000003000 is an unknown value
RDX=0x000000000e1b9160 is pointing into the stack for thread: 0x000000000cc06800
RSP=0x000000000e2af3d0 is pointing into the stack for thread: 0x000000000cc06800
RBP=0x0000000000000000 is an unknown value
RSI=0x000000000e2af3d0 is pointing into the stack for thread: 0x000000000cc06800
RDI=0x0000000000000004 is an unknown value
R8 =0x0000000000000009 is an unknown value
R9 =0x000000000cc06800 is a thread
R10=0x000000000e2af610 is pointing into the stack for thread: 0x000000000cc06800
R11=0x000000000e2af6f0 is pointing into the stack for thread: 0x000000000cc06800
R12=0x000000000e2af6f0 is pointing into the stack for thread: 0x000000000cc06800
R13=0x000000000e2af518 is pointing into the stack for thread: 0x000000000cc06800
R14=0x000000000e2af620 is pointing into the stack for thread: 0x000000000cc06800
R15=0x00000000023b0840 is at code_begin+0 in an Interpreter codelet
method entry point (kind = zerolocals)  [0x00000000023b0840, 0x00000000023b0b40]  768 bytes


Stack: [0x000000000e1b0000,0x000000000e2b0000],  sp=0x000000000e2af3d0,  free space=1020k
Native frames: (J=compiled Java code, j=interpreted, Vv=VM code, C=native code)
V  [jvm.dll+0x1cd257]

[error occurred during error reporting (printing native stack), id 0xc0000005]


