#
# A fatal error has been detected by the Java Runtime Environment:
#
#  EXCEPTION_ACCESS_VIOLATION (0xc0000005) at pc=0x000000006330d257, pid=64160, tid=60996
#
# JRE version: Java(TM) SE Runtime Environment (7.0_60-b15) (build 1.7.0_60-ea-b15)
# Java VM: Java HotSpot(TM) 64-Bit Server VM (24.60-b09 mixed mode windows-amd64 compressed oops)
# Problematic frame:
# V  [jvm.dll+0x1cd257]
#
# Failed to write core dump. Minidumps are not enabled by default on client versions of Windows
#
# If you would like to submit a bug report, please visit:
#   http://bugreport.sun.com/bugreport/crash.jsp
#

---------------  T H R E A D  ---------------

Current thread (0x000000000d854000):  JavaThread "Thread-169" [_thread_in_vm, id=60996, stack(0x000000000ec80000,0x000000000ed80000)]

siginfo: ExceptionCode=0xc0000005, writing address 0x000000000ed79230

Registers:
RAX=0x000000000ed79230, RBX=0x0000000000000007, RCX=0x0000000000006000, RDX=0x000000000ec89160
RSP=0x000000000ed7f230, RBP=0x0000000000000000, RSI=0x000000000ed7f230, RDI=0x0000000000000007
R8 =0x0000000000000009, R9 =0x000000000d854000, R10=0x000000000ed7f470, R11=0x000000000ed7f550
R12=0x000000000ed7f550, R13=0x000000000ed7f378, R14=0x000000000ed7f480, R15=0x0000000002c40840
RIP=0x000000006330d257, EFLAGS=0x0000000000010206

Top of Stack: (sp=0x000000000ed7f230)
0x000000000ed7f230:   000000000d4c7440 000000000ed7f3f0
0x000000000ed7f240:   00007ffeb5281010 00000000631df123
0x000000000ed7f250:   0000000000000000 000000006330dd9a
0x000000000ed7f260:   000000000ed7f400 000000000d4c7440
0x000000000ed7f270:   000000000d854000 000000000d854000
0x000000000ed7f280:   0000000000000048 0000000000000001
0x000000000ed7f290:   0000000000000000 00000000631e22cd
0x000000000ed7f2a0:   000000000d854000 ffffffffffffffff
0x000000000ed7f2b0:   ffffffffffffffff 00007ffeb86ba623
0x000000000ed7f2c0:   000000000d4c7440 0000000000000005
0x000000000ed7f2d0:   000000000d854000 0000000000000000
0x000000000ed7f2e0:   0000000000000000 0000000000000000
0x000000000ed7f2f0:   0000000000000000 0000000002b812b0
0x000000000ed7f300:   000000000d854000 000000000ed7f480
0x000000000ed7f310:   0000000002b82be0 000000000ed7f550
0x000000000ed7f320:   0000000000000000 0000000002b82be0 

Instructions: (pc=0x000000006330d257)
0x000000006330d237:   48 89 6c 24 30 33 ed 66 90 e8 8b b4 07 00 ff c3
0x000000006330d247:   48 63 c8 48 8b c6 48 0f af cf 48 ff c7 48 2b c1
0x000000006330d257:   89 28 48 63 c3 48 3b 05 cd c4 52 00 7e db 48 8b
0x000000006330d267:   6c 24 30 48 8b 5c 24 38 48 8b 74 24 40 48 83 c4 


Register to memory mapping:

RAX=0x000000000ed79230 is pointing into the stack for thread: 0x000000000d854000
RBX=0x0000000000000007 is an unknown value
RCX=0x0000000000006000 is an unknown value
RDX=0x000000000ec89160 is pointing into the stack for thread: 0x000000000d854000
RSP=0x000000000ed7f230 is pointing into the stack for thread: 0x000000000d854000
RBP=0x0000000000000000 is an unknown value
RSI=0x000000000ed7f230 is pointing into the stack for thread: 0x000000000d854000
RDI=0x0000000000000007 is an unknown value
R8 =0x0000000000000009 is an unknown value
R9 =0x000000000d854000 is a thread
R10=0x000000000ed7f470 is pointing into the stack for thread: 0x000000000d854000
R11=0x000000000ed7f550 is pointing into the stack for thread: 0x000000000d854000
R12=0x000000000ed7f550 is pointing into the stack for thread: 0x000000000d854000
R13=0x000000000ed7f378 is pointing into the stack for thread: 0x000000000d854000
R14=0x000000000ed7f480 is pointing into the stack for thread: 0x000000000d854000
R15=0x0000000002c40840 is at code_begin+0 in an Interpreter codelet
method entry point (kind = zerolocals)  [0x0000000002c40840, 0x0000000002c40b40]  768 bytes


Stack: [0x000000000ec80000,0x000000000ed80000],  sp=0x000000000ed7f230,  free space=1020k
Native frames: (J=compiled Java code, j=interpreted, Vv=VM code, C=native code)
V  [jvm.dll+0x1cd257]

[error occurred during error reporting (printing native stack), id 0xc0000005]


